[INFO]: 2023-05-31 10:22:36 - test
[INFO]: 2023-05-31 10:22:52 - test 1
[INFO]: 2023-05-31 10:44:34 - test 1
[INFO]: 2023-05-31 10:45:25 - test 1
[INFO]: 2023-05-31 10:47:16 - test 1
[ERROR]: 2023-05-31 11:47:26 - open read.go: no such file or directory
[ERROR]: 2023-05-31 11:47:44 - open read.go: no such file or directory
[ERROR]: 2023-05-31 11:49:29 - open '/Users/saveliytrifanenkov/Desktop/Проекты/Capybara/test_data/test_input_data.json': no such file or directory[ERROR]: 2023-05-31 13:33:26 - open '/Users/saveliytrifanenkov/Desktop/Проекты/Capybara/test_data/test_input_data.json': no such file or directory
[INFO]: 2023-05-31 17:27:43 - test 1
[INFO]: 2023-06-01 09:19:05 - test 1
[INFO]: 2023-06-01 09:22:18 - test 1
[INFO]: 2023-06-07 10:47:05 - test 1
[ERROR]: 2023-06-07 10:47:05 - error occured! code of an error: 1456
[ERROR]: 2023-06-07 10:47:05 - error occured! code of an error: 8888
[ERROR]: 2023-06-07 10:47:05 - error occured! code of an error: 3264
[ERROR]: 2023-06-07 10:47:40 - new error occured
[ERROR]: 2023-06-07 10:47:55 - new error occured
[ERROR]: 2023-06-07 10:48:03 - new error occured
[INFO]: 2023-06-07 14:35:49 - test 1
[ERROR]: 2023-06-07 14:35:49 - error occured! code of an error: 1456
[ERROR]: 2023-06-07 14:35:49 - error occured! code of an error: 8888
[ERROR]: 2023-06-07 14:35:49 - error occured! code of an error: 3264
[INFO]: 2023-06-07 14:35:49 - starting to write file
[ERROR]: 2023-06-07 14:36:00 - new error occured
[INFO]: 2023-06-07 14:36:00 - starting to write file
[INFO]: 2023-06-07 22:01:25 - {
    "user": {
        "name": "Test user",
        "link": "9e98d431-73f1-44b0-bbfd-408876abdb94"
    },
    "input_data": {
        "feet_qnty": 10,
        "name_of_dog": "Testy boy"
    }
}
[ERROR]: 2023-06-07 22:18:35 - open : no such file or directory
[ERROR]: 2023-06-07 22:19:56 - open : no such file or directory
[INFO]: 2023-06-07 22:21:39 - test 1
[ERROR]: 2023-06-07 22:21:39 - error occured! code of an error: 1456
[ERROR]: 2023-06-07 22:21:39 - error occured! code of an error: 8888
[ERROR]: 2023-06-07 22:21:39 - error occured! code of an error: 3264
[ERROR]: 2023-06-07 22:22:05 - new error occured
[INFO]: 2023-06-07 22:22:09 - test 1
[ERROR]: 2023-06-07 22:22:09 - error occured! code of an error: 1456
[ERROR]: 2023-06-07 22:22:09 - error occured! code of an error: 8888
[ERROR]: 2023-06-07 22:22:09 - error occured! code of an error: 3264
[ERROR]: 2023-06-07 22:22:25 - new error occured
